2020-08-02T06:03:39.283Z error : undefined : uncaughtException: Cannot read property 'toLowerCase' of undefined
TypeError: Cannot read property 'toLowerCase' of undefined
    at pluralize (C:\MERN\smartresume\backend\node_modules\mongoose-legacy-pluralize\index.js:85:13)
    at Object.exports.toCollectionName (C:\MERN\smartresume\backend\node_modules\mongoose\lib\utils.js:44:12)
    at Mongoose.model (C:\MERN\smartresume\backend\node_modules\mongoose\lib\index.js:554:13)
    at Object.getEntity (C:\MERN\smartresume\backend\shared\utils\/databaseUtilities.js:4:21)
    at Object.<anonymous> (C:\MERN\smartresume\backend\entities\/CoverLetterEntity.js:24:52)
    at Module._compile (internal/modules/cjs/loader.js:1201:30)
    at Module._compile (C:\MERN\smartresume\backend\node_modules\pirates\lib\index.js:99:24)
    at Module._extensions..js (internal/modules/cjs/loader.js:1221:10)
    at Object.newLoader [as .js] (C:\MERN\smartresume\backend\node_modules\pirates\lib\index.js:104:7)
    at Module.load (internal/modules/cjs/loader.js:1050:32)
    at Function.Module._load (internal/modules/cjs/loader.js:938:14)
    at Module.require (internal/modules/cjs/loader.js:1090:19)
    at require (internal/modules/cjs/helpers.js:75:18)
    at Object.<anonymous> (C:\MERN\smartresume\backend\repositories\/coverLetterRepositories.js:1:1)
    at Module._compile (internal/modules/cjs/loader.js:1201:30)
    at Module._compile (C:\MERN\smartresume\backend\node_modules\pirates\lib\index.js:99:24)
2020-08-02T06:05:50.939Z error : undefined : uncaughtException: Cannot read property 'toLowerCase' of undefined
TypeError: Cannot read property 'toLowerCase' of undefined
    at pluralize (C:\MERN\smartresume\backend\node_modules\mongoose-legacy-pluralize\index.js:85:13)
    at Object.exports.toCollectionName (C:\MERN\smartresume\backend\node_modules\mongoose\lib\utils.js:44:12)
    at Mongoose.model (C:\MERN\smartresume\backend\node_modules\mongoose\lib\index.js:554:13)
    at Object.getEntity (C:\MERN\smartresume\backend\shared\utils\/databaseUtilities.js:4:21)
    at Object.<anonymous> (C:\MERN\smartresume\backend\entities\/CoverLetterEntity.js:24:52)
    at Module._compile (internal/modules/cjs/loader.js:1201:30)
    at Module._compile (C:\MERN\smartresume\backend\node_modules\pirates\lib\index.js:99:24)
    at Module._extensions..js (internal/modules/cjs/loader.js:1221:10)
    at Object.newLoader [as .js] (C:\MERN\smartresume\backend\node_modules\pirates\lib\index.js:104:7)
    at Module.load (internal/modules/cjs/loader.js:1050:32)
    at Function.Module._load (internal/modules/cjs/loader.js:938:14)
    at Module.require (internal/modules/cjs/loader.js:1090:19)
    at require (internal/modules/cjs/helpers.js:75:18)
    at Object.<anonymous> (C:\MERN\smartresume\backend\repositories\/coverLetterRepositories.js:1:1)
    at Module._compile (internal/modules/cjs/loader.js:1201:30)
    at Module._compile (C:\MERN\smartresume\backend\node_modules\pirates\lib\index.js:99:24)
2020-08-02T06:22:51.417Z error : undefined : uncaughtException: coverLetterRoutes is not defined
ReferenceError: coverLetterRoutes is not defined
    at Object.<anonymous> (C:\MERN\smartresume\backend\/server.js:83:1)
    at Module._compile (internal/modules/cjs/loader.js:1201:30)
    at Module._compile (C:\MERN\smartresume\backend\node_modules\pirates\lib\index.js:99:24)
    at Module._extensions..js (internal/modules/cjs/loader.js:1221:10)
    at Object.newLoader [as .js] (C:\MERN\smartresume\backend\node_modules\pirates\lib\index.js:104:7)
    at Module.load (internal/modules/cjs/loader.js:1050:32)
    at Function.Module._load (internal/modules/cjs/loader.js:938:14)
    at Function.executeUserEntryPoint [as runMain] (internal/modules/run_main.js:71:12)
    at Object.<anonymous> (C:\MERN\smartresume\backend\node_modules\@babel\node\lib\_babel-node.js:180:21)
    at Module._compile (internal/modules/cjs/loader.js:1201:30)
    at Object.Module._extensions..js (internal/modules/cjs/loader.js:1221:10)
    at Module.load (internal/modules/cjs/loader.js:1050:32)
    at Function.Module._load (internal/modules/cjs/loader.js:938:14)
    at Function.executeUserEntryPoint [as runMain] (internal/modules/run_main.js:71:12)
    at internal/main/run_main_module.js:17:47
